TN:
SF:src/RebaseToken.sol
DA:20,771
FN:20,RebaseToken.setInterestRate
FNDA:771,RebaseToken.setInterestRate
DA:21,514
BRDA:21,0,0,257
DA:22,257
DA:27,257
DA:28,257
DA:31,16
FN:31,RebaseToken.grantMintAndBurnRole
FNDA:16,RebaseToken.grantMintAndBurnRole
DA:32,16
DA:40,1802
FN:40,RebaseToken.mint
FNDA:1802,RebaseToken.mint
DA:41,1545
DA:42,1545
DA:43,1545
DA:51,774
FN:51,RebaseToken.burn
FNDA:774,RebaseToken.burn
DA:54,517
BRDA:54,1,0,1
DA:59,1
DA:61,517
DA:62,517
DA:70,258
FN:70,RebaseToken.transfer
FNDA:258,RebaseToken.transfer
DA:71,258
DA:72,258
DA:74,258
BRDA:74,2,0,1
DA:75,1
DA:78,258
BRDA:78,3,0,258
DA:79,258
DA:81,258
DA:84,256
FN:84,RebaseToken.transferFrom
FNDA:256,RebaseToken.transferFrom
DA:85,256
DA:86,256
DA:88,256
BRDA:88,4,0,256
DA:89,256
DA:92,256
BRDA:92,5,0,256
DA:93,256
DA:95,256
DA:108,7462
FN:108,RebaseToken._calculateUserAccumlatedInterestSinceLastUpdate
FNDA:7462,RebaseToken._calculateUserAccumlatedInterestSinceLastUpdate
DA:111,7462
DA:112,7462
DA:124,3600
FN:124,RebaseToken.balanceOf
FNDA:3600,RebaseToken.balanceOf
DA:125,7462
DA:126,7462
DA:184,3090
FN:184,RebaseToken._mintAccuredInterest
FNDA:3090,RebaseToken._mintAccuredInterest
DA:187,3090
DA:190,3090
DA:191,3090
DA:193,3090
DA:194,3090
DA:197,514
FN:197,RebaseToken.getUserInterestRate
FNDA:514,RebaseToken.getUserInterestRate
DA:198,514
DA:201,771
FN:201,RebaseToken.getInterestRate
FNDA:771,RebaseToken.getInterestRate
DA:202,771
DA:205,512
FN:205,RebaseToken.getPrincipleBalanceOf
FNDA:512,RebaseToken.getPrincipleBalanceOf
DA:206,512
FNF:12
FNH:12
LF:50
LH:50
BRF:6
BRH:6
end_of_record
TN:
SF:src/Vault.sol
DA:13,15
FN:13,Vault.constructor
FNDA:15,Vault.constructor
DA:14,15
DA:19,1545
FN:19,Vault.deposit
FNDA:1545,Vault.deposit
DA:20,1545
DA:21,1545
DA:24,517
FN:24,Vault.reedem
FNDA:517,Vault.reedem
DA:26,517
DA:27,517
BRDA:27,0,0,515
BRDA:27,0,1,1
DA:28,515
DA:30,2
BRDA:30,1,0,1
BRDA:30,1,1,1
DA:33,516
DA:35,516
DA:36,516
DA:38,516
DA:39,516
BRDA:39,2,0,1
DA:40,1
DA:42,515
DA:45,1
FN:45,Vault.getRebaseTokenAddress
FNDA:1,Vault.getRebaseTokenAddress
DA:46,1
FNF:4
FNH:4
LF:19
LH:19
BRF:5
BRH:5
end_of_record
TN:
SF:test/MaliciousContract.sol
DA:5,1
FN:5,MaliciousContract.receive
FNDA:1,MaliciousContract.receive
DA:6,1
FNF:1
FNH:1
LF:2
LH:2
BRF:0
BRH:0
end_of_record
